This is pdfTeX, Version 3.14159265-2.6-1.40.18 (TeX Live 2017/W32TeX) (preloaded format=pdflatex 2017.12.2)  10 MAR 2018 20:49
entering extended mode
 restricted \write18 enabled.
 %&-line parsing enabled.
**./bare_jrnl.tex
(./bare_jrnl.tex
LaTeX2e <2017-04-15>
Babel <3.10> and hyphenation patterns for 84 language(s) loaded.
(c:/MimuTao/Tex/TexLive/texmf-dist/tex/latex/ieeetran/IEEEtran.cls
Document Class: IEEEtran 2015/08/26 V1.8b by Michael Shell
-- See the "IEEEtran_HOWTO" manual for usage information.
-- http://www.michaelshell.org/tex/ieeetran/
\@IEEEtrantmpdimenA=\dimen102
\@IEEEtrantmpdimenB=\dimen103
\@IEEEtrantmpdimenC=\dimen104
\@IEEEtrantmpcountA=\count79
\@IEEEtrantmpcountB=\count80
\@IEEEtrantmpcountC=\count81
\@IEEEtrantmptoksA=\toks14
LaTeX Font Info:    Try loading font information for OT1+ptm on input line 503.

(c:/MimuTao/Tex/TexLive/texmf-dist/tex/latex/psnfss/ot1ptm.fd
File: ot1ptm.fd 2001/06/04 font definitions for OT1/ptm.
)
-- Using 8.5in x 11in (letter) paper.
-- Using PDF output.
\@IEEEnormalsizeunitybaselineskip=\dimen105
-- This is a 10 point document.
\CLASSINFOnormalsizebaselineskip=\dimen106
\CLASSINFOnormalsizeunitybaselineskip=\dimen107
\IEEEnormaljot=\dimen108
LaTeX Font Info:    Font shape `OT1/ptm/bx/n' in size <5> not available
(Font)              Font shape `OT1/ptm/b/n' tried instead on input line 1090.
LaTeX Font Info:    Font shape `OT1/ptm/bx/it' in size <5> not available
(Font)              Font shape `OT1/ptm/b/it' tried instead on input line 1090.

LaTeX Font Info:    Font shape `OT1/ptm/bx/n' in size <7> not available
(Font)              Font shape `OT1/ptm/b/n' tried instead on input line 1090.
LaTeX Font Info:    Font shape `OT1/ptm/bx/it' in size <7> not available
(Font)              Font shape `OT1/ptm/b/it' tried instead on input line 1090.

LaTeX Font Info:    Font shape `OT1/ptm/bx/n' in size <8> not available
(Font)              Font shape `OT1/ptm/b/n' tried instead on input line 1090.
LaTeX Font Info:    Font shape `OT1/ptm/bx/it' in size <8> not available
(Font)              Font shape `OT1/ptm/b/it' tried instead on input line 1090.

LaTeX Font Info:    Font shape `OT1/ptm/bx/n' in size <9> not available
(Font)              Font shape `OT1/ptm/b/n' tried instead on input line 1090.
LaTeX Font Info:    Font shape `OT1/ptm/bx/it' in size <9> not available
(Font)              Font shape `OT1/ptm/b/it' tried instead on input line 1090.

LaTeX Font Info:    Font shape `OT1/ptm/bx/n' in size <10> not available
(Font)              Font shape `OT1/ptm/b/n' tried instead on input line 1090.
LaTeX Font Info:    Font shape `OT1/ptm/bx/it' in size <10> not available
(Font)              Font shape `OT1/ptm/b/it' tried instead on input line 1090.

LaTeX Font Info:    Font shape `OT1/ptm/bx/n' in size <11> not available
(Font)              Font shape `OT1/ptm/b/n' tried instead on input line 1090.
LaTeX Font Info:    Font shape `OT1/ptm/bx/it' in size <11> not available
(Font)              Font shape `OT1/ptm/b/it' tried instead on input line 1090.

LaTeX Font Info:    Font shape `OT1/ptm/bx/n' in size <12> not available
(Font)              Font shape `OT1/ptm/b/n' tried instead on input line 1090.
LaTeX Font Info:    Font shape `OT1/ptm/bx/it' in size <12> not available
(Font)              Font shape `OT1/ptm/b/it' tried instead on input line 1090.

LaTeX Font Info:    Font shape `OT1/ptm/bx/n' in size <17> not available
(Font)              Font shape `OT1/ptm/b/n' tried instead on input line 1090.
LaTeX Font Info:    Font shape `OT1/ptm/bx/it' in size <17> not available
(Font)              Font shape `OT1/ptm/b/it' tried instead on input line 1090.

LaTeX Font Info:    Font shape `OT1/ptm/bx/n' in size <20> not available
(Font)              Font shape `OT1/ptm/b/n' tried instead on input line 1090.
LaTeX Font Info:    Font shape `OT1/ptm/bx/it' in size <20> not available
(Font)              Font shape `OT1/ptm/b/it' tried instead on input line 1090.

LaTeX Font Info:    Font shape `OT1/ptm/bx/n' in size <24> not available
(Font)              Font shape `OT1/ptm/b/n' tried instead on input line 1090.
LaTeX Font Info:    Font shape `OT1/ptm/bx/it' in size <24> not available
(Font)              Font shape `OT1/ptm/b/it' tried instead on input line 1090.

\IEEEquantizedlength=\dimen109
\IEEEquantizedlengthdiff=\dimen110
\IEEEquantizedtextheightdiff=\dimen111
\IEEEilabelindentA=\dimen112
\IEEEilabelindentB=\dimen113
\IEEEilabelindent=\dimen114
\IEEEelabelindent=\dimen115
\IEEEdlabelindent=\dimen116
\IEEElabelindent=\dimen117
\IEEEiednormlabelsep=\dimen118
\IEEEiedmathlabelsep=\dimen119
\IEEEiedtopsep=\skip41
\c@section=\count82
\c@subsection=\count83
\c@subsubsection=\count84
\c@paragraph=\count85
\c@IEEEsubequation=\count86
\abovecaptionskip=\skip42
\belowcaptionskip=\skip43
\c@figure=\count87
\c@table=\count88
\@IEEEeqnnumcols=\count89
\@IEEEeqncolcnt=\count90
\@IEEEsubeqnnumrollback=\count91
\@IEEEquantizeheightA=\dimen120
\@IEEEquantizeheightB=\dimen121
\@IEEEquantizeheightC=\dimen122
\@IEEEquantizeprevdepth=\dimen123
\@IEEEquantizemultiple=\count92
\@IEEEquantizeboxA=\box26
\@IEEEtmpitemindent=\dimen124
\IEEEPARstartletwidth=\dimen125
\c@IEEEbiography=\count93
\@IEEEtranrubishbin=\box27
) (c:/MimuTao/Tex/TexLive/texmf-dist/tex/latex/graphics/graphicx.sty
Package: graphicx 2014/10/28 v1.0g Enhanced LaTeX Graphics (DPC,SPQR)

(c:/MimuTao/Tex/TexLive/texmf-dist/tex/latex/graphics/keyval.sty
Package: keyval 2014/10/28 v1.15 key=value parser (DPC)
\KV@toks@=\toks15
)
(c:/MimuTao/Tex/TexLive/texmf-dist/tex/latex/graphics/graphics.sty
Package: graphics 2017/04/14 v1.1b Standard LaTeX Graphics (DPC,SPQR)

(c:/MimuTao/Tex/TexLive/texmf-dist/tex/latex/graphics/trig.sty
Package: trig 2016/01/03 v1.10 sin cos tan (DPC)
)
(c:/MimuTao/Tex/TexLive/texmf-dist/tex/latex/graphics-cfg/graphics.cfg
File: graphics.cfg 2016/06/04 v1.11 sample graphics configuration
)
Package graphics Info: Driver file: pdftex.def on input line 99.

(c:/MimuTao/Tex/TexLive/texmf-dist/tex/latex/graphics-def/pdftex.def
File: pdftex.def 2017/01/12 v0.06k Graphics/color for pdfTeX

(c:/MimuTao/Tex/TexLive/texmf-dist/tex/generic/oberdiek/infwarerr.sty
Package: infwarerr 2016/05/16 v1.4 Providing info/warning/error messages (HO)
)
(c:/MimuTao/Tex/TexLive/texmf-dist/tex/generic/oberdiek/ltxcmds.sty
Package: ltxcmds 2016/05/16 v1.23 LaTeX kernel commands for general use (HO)
)
\Gread@gobject=\count94
))
\Gin@req@height=\dimen126
\Gin@req@width=\dimen127
)
(c:/MimuTao/Tex/TexLive/texmf-dist/tex/latex/amsfonts/amssymb.sty
Package: amssymb 2013/01/14 v3.01 AMS font symbols

(c:/MimuTao/Tex/TexLive/texmf-dist/tex/latex/amsfonts/amsfonts.sty
Package: amsfonts 2013/01/14 v3.01 Basic AMSFonts support
\@emptytoks=\toks16
\symAMSa=\mathgroup4
\symAMSb=\mathgroup5
LaTeX Font Info:    Overwriting math alphabet `\mathfrak' in version `bold'
(Font)                  U/euf/m/n --> U/euf/b/n on input line 106.
))
(c:/MimuTao/Tex/TexLive/texmf-dist/tex/latex/cjk/texinput/CJK.sty
Package: CJK 2015/04/18 4.8.4

(c:/MimuTao/Tex/TexLive/texmf-dist/tex/latex/cjk/texinput/mule/MULEenc.sty
Package: MULEenc 2015/04/18 4.8.4
)
(c:/MimuTao/Tex/TexLive/texmf-dist/tex/latex/cjk/texinput/CJK.enc
File: CJK.enc 2015/04/18 4.8.4
)
LaTeX Info: Redefining \selectfont on input line 755.
\CJK@indent=\box28
)
(c:/MimuTao/Tex/TexLive/texmf-dist/tex/latex/graphics/color.sty
Package: color 2016/07/10 v1.1e Standard LaTeX Color (DPC)

(c:/MimuTao/Tex/TexLive/texmf-dist/tex/latex/graphics-cfg/color.cfg
File: color.cfg 2016/01/02 v1.6 sample color configuration
)
Package color Info: Driver file: pdftex.def on input line 147.
)
(c:/MimuTao/Tex/TexLive/texmf-dist/tex/latex/amsmath/amsmath.sty
Package: amsmath 2016/11/05 v2.16a AMS math features
\@mathmargin=\skip44

For additional information on amsmath, use the `?' option.
(c:/MimuTao/Tex/TexLive/texmf-dist/tex/latex/amsmath/amstext.sty
Package: amstext 2000/06/29 v2.01 AMS text

(c:/MimuTao/Tex/TexLive/texmf-dist/tex/latex/amsmath/amsgen.sty
File: amsgen.sty 1999/11/30 v2.0 generic functions
\@emptytoks=\toks17
\ex@=\dimen128
))
(c:/MimuTao/Tex/TexLive/texmf-dist/tex/latex/amsmath/amsbsy.sty
Package: amsbsy 1999/11/29 v1.2d Bold Symbols
\pmbraise@=\dimen129
)
(c:/MimuTao/Tex/TexLive/texmf-dist/tex/latex/amsmath/amsopn.sty
Package: amsopn 2016/03/08 v2.02 operator names
)
\inf@bad=\count95
LaTeX Info: Redefining \frac on input line 213.
\uproot@=\count96
\leftroot@=\count97
LaTeX Info: Redefining \overline on input line 375.
\classnum@=\count98
\DOTSCASE@=\count99
LaTeX Info: Redefining \ldots on input line 472.
LaTeX Info: Redefining \dots on input line 475.
LaTeX Info: Redefining \cdots on input line 596.
\Mathstrutbox@=\box29
\strutbox@=\box30
\big@size=\dimen130
LaTeX Font Info:    Redeclaring font encoding OML on input line 712.
LaTeX Font Info:    Redeclaring font encoding OMS on input line 713.
\macc@depth=\count100
\c@MaxMatrixCols=\count101
\dotsspace@=\muskip10
\c@parentequation=\count102
\dspbrk@lvl=\count103
\tag@help=\toks18
\row@=\count104
\column@=\count105
\maxfields@=\count106
\andhelp@=\toks19
\eqnshift@=\dimen131
\alignsep@=\dimen132
\tagshift@=\dimen133
\tagwidth@=\dimen134
\totwidth@=\dimen135
\lineht@=\dimen136
\@envbody=\toks20
\multlinegap=\skip45
\multlinetaggap=\skip46
\mathdisplay@stack=\toks21
LaTeX Info: Redefining \[ on input line 2817.
LaTeX Info: Redefining \] on input line 2818.
)
(./bare_jrnl.aux)
\openout1 = `bare_jrnl.aux'.

LaTeX Font Info:    Checking defaults for OML/cmm/m/it on input line 358.
LaTeX Font Info:    ... okay on input line 358.
LaTeX Font Info:    Checking defaults for T1/cmr/m/n on input line 358.
LaTeX Font Info:    ... okay on input line 358.
LaTeX Font Info:    Checking defaults for OT1/cmr/m/n on input line 358.
LaTeX Font Info:    ... okay on input line 358.
LaTeX Font Info:    Checking defaults for OMS/cmsy/m/n on input line 358.
LaTeX Font Info:    ... okay on input line 358.
LaTeX Font Info:    Checking defaults for OMX/cmex/m/n on input line 358.
LaTeX Font Info:    ... okay on input line 358.
LaTeX Font Info:    Checking defaults for U/cmr/m/n on input line 358.
LaTeX Font Info:    ... okay on input line 358.
LaTeX Font Info:    Checking defaults for C00/song/m/n on input line 358.
LaTeX Font Info:    ... okay on input line 358.
LaTeX Font Info:    Checking defaults for C05/song/m/n on input line 358.
LaTeX Font Info:    ... okay on input line 358.
LaTeX Font Info:    Checking defaults for C09/song/m/n on input line 358.
LaTeX Font Info:    ... okay on input line 358.
LaTeX Font Info:    Checking defaults for C10/song/m/n on input line 358.
LaTeX Font Info:    ... okay on input line 358.
LaTeX Font Info:    Checking defaults for C20/song/m/n on input line 358.
LaTeX Font Info:    ... okay on input line 358.
LaTeX Font Info:    Checking defaults for C19/song/m/n on input line 358.
LaTeX Font Info:    ... okay on input line 358.
LaTeX Font Info:    Checking defaults for C40/song/m/n on input line 358.
LaTeX Font Info:    ... okay on input line 358.
LaTeX Font Info:    Checking defaults for C42/song/m/n on input line 358.
LaTeX Font Info:    ... okay on input line 358.
LaTeX Font Info:    Checking defaults for C43/song/m/n on input line 358.
LaTeX Font Info:    ... okay on input line 358.
LaTeX Font Info:    Checking defaults for C50/song/m/n on input line 358.
LaTeX Font Info:    ... okay on input line 358.
LaTeX Font Info:    Checking defaults for C52/song/m/n on input line 358.
LaTeX Font Info:    ... okay on input line 358.
LaTeX Font Info:    Checking defaults for C49/song/m/n on input line 358.
LaTeX Font Info:    ... okay on input line 358.
LaTeX Font Info:    Checking defaults for C60/mj/m/n on input line 358.
LaTeX Font Info:    ... okay on input line 358.
LaTeX Font Info:    Checking defaults for C61/mj/m/n on input line 358.
LaTeX Font Info:    ... okay on input line 358.
LaTeX Font Info:    Checking defaults for C63/mj/m/n on input line 358.
LaTeX Font Info:    ... okay on input line 358.
LaTeX Font Info:    Checking defaults for C64/mj/m/n on input line 358.
LaTeX Font Info:    ... okay on input line 358.
LaTeX Font Info:    Checking defaults for C65/mj/m/n on input line 358.
LaTeX Font Info:    ... okay on input line 358.
LaTeX Font Info:    Checking defaults for C70/song/m/n on input line 358.
LaTeX Font Info:    ... okay on input line 358.
LaTeX Font Info:    Checking defaults for C31/song/m/n on input line 358.
LaTeX Font Info:    ... okay on input line 358.
LaTeX Font Info:    Checking defaults for C32/song/m/n on input line 358.
LaTeX Font Info:    ... okay on input line 358.
LaTeX Font Info:    Checking defaults for C33/song/m/n on input line 358.
LaTeX Font Info:    ... okay on input line 358.
LaTeX Font Info:    Checking defaults for C34/song/m/n on input line 358.
LaTeX Font Info:    ... okay on input line 358.
LaTeX Font Info:    Checking defaults for C35/song/m/n on input line 358.
LaTeX Font Info:    ... okay on input line 358.
LaTeX Font Info:    Checking defaults for C36/song/m/n on input line 358.
LaTeX Font Info:    ... okay on input line 358.
LaTeX Font Info:    Checking defaults for C37/song/m/n on input line 358.
LaTeX Font Info:    ... okay on input line 358.
LaTeX Font Info:    Checking defaults for C80/song/m/n on input line 358.
LaTeX Font Info:    ... okay on input line 358.
LaTeX Font Info:    Checking defaults for C81/song/m/n on input line 358.
LaTeX Font Info:    ... okay on input line 358.
LaTeX Font Info:    Checking defaults for C01/song/m/n on input line 358.
LaTeX Font Info:    ... okay on input line 358.
LaTeX Font Info:    Checking defaults for C11/song/m/n on input line 358.
LaTeX Font Info:    ... okay on input line 358.
LaTeX Font Info:    Checking defaults for C21/song/m/n on input line 358.
LaTeX Font Info:    ... okay on input line 358.
LaTeX Font Info:    Checking defaults for C41/song/m/n on input line 358.
LaTeX Font Info:    ... okay on input line 358.
LaTeX Font Info:    Checking defaults for C62/song/m/n on input line 358.
LaTeX Font Info:    ... okay on input line 358.

-- Lines per column: 58 (exact).
(c:/MimuTao/Tex/TexLive/texmf-dist/tex/context/base/mkii/supp-pdf.mkii
[Loading MPS to PDF converter (version 2006.09.02).]
\scratchcounter=\count107
\scratchdimen=\dimen137
\scratchbox=\box31
\nofMPsegments=\count108
\nofMParguments=\count109
\everyMPshowfont=\toks22
\MPscratchCnt=\count110
\MPscratchDim=\dimen138
\MPnumerator=\count111
\makeMPintoPDFobject=\count112
\everyMPtoPDFconversion=\toks23
) (c:/MimuTao/Tex/TexLive/texmf-dist/tex/generic/oberdiek/pdftexcmds.sty
Package: pdftexcmds 2017/03/19 v0.25 Utility functions of pdfTeX for LuaTeX (HO
)

(c:/MimuTao/Tex/TexLive/texmf-dist/tex/generic/oberdiek/ifluatex.sty
Package: ifluatex 2016/05/16 v1.4 Provides the ifluatex switch (HO)
Package ifluatex Info: LuaTeX not detected.
)
(c:/MimuTao/Tex/TexLive/texmf-dist/tex/generic/oberdiek/ifpdf.sty
Package: ifpdf 2017/03/15 v3.2 Provides the ifpdf switch
)
Package pdftexcmds Info: LuaTeX not detected.
Package pdftexcmds Info: \pdf@primitive is available.
Package pdftexcmds Info: \pdf@ifprimitive is available.
Package pdftexcmds Info: \pdfdraftmode found.
)
(c:/MimuTao/Tex/TexLive/texmf-dist/tex/latex/oberdiek/epstopdf-base.sty
Package: epstopdf-base 2016/05/15 v2.6 Base part for package epstopdf

(c:/MimuTao/Tex/TexLive/texmf-dist/tex/latex/oberdiek/grfext.sty
Package: grfext 2016/05/16 v1.2 Manage graphics extensions (HO)

(c:/MimuTao/Tex/TexLive/texmf-dist/tex/generic/oberdiek/kvdefinekeys.sty
Package: kvdefinekeys 2016/05/16 v1.4 Define keys (HO)
))
(c:/MimuTao/Tex/TexLive/texmf-dist/tex/latex/oberdiek/kvoptions.sty
Package: kvoptions 2016/05/16 v3.12 Key value format for package options (HO)

(c:/MimuTao/Tex/TexLive/texmf-dist/tex/generic/oberdiek/kvsetkeys.sty
Package: kvsetkeys 2016/05/16 v1.17 Key value parser (HO)

(c:/MimuTao/Tex/TexLive/texmf-dist/tex/generic/oberdiek/etexcmds.sty
Package: etexcmds 2016/05/16 v1.6 Avoid name clashes with e-TeX commands (HO)
Package etexcmds Info: Could not find \expanded.
(etexcmds)             That can mean that you are not using pdfTeX 1.50 or
(etexcmds)             that some package has redefined \expanded.
(etexcmds)             In the latter case, load this package earlier.
)))
Package epstopdf-base Info: Redefining graphics rule for `.eps' on input line 4
38.
Package grfext Info: Graphics extension search list:
(grfext)             [.png,.pdf,.jpg,.mps,.jpeg,.jbig2,.jb2,.PNG,.PDF,.JPG,.JPE
G,.JBIG2,.JB2,.eps]
(grfext)             \AppendGraphicsExtensions on input line 456.

(c:/MimuTao/Tex/TexLive/texmf-dist/tex/latex/latexconfig/epstopdf-sys.cfg
File: epstopdf-sys.cfg 2010/07/13 v1.3 Configuration of (r)epstopdf for TeX Liv
e
))
LaTeX Font Info:    Calculating math sizes for size <11> on input line 449.
LaTeX Font Info:    Try loading font information for U+msa on input line 449.

(c:/MimuTao/Tex/TexLive/texmf-dist/tex/latex/amsfonts/umsa.fd
File: umsa.fd 2013/01/14 v3.01 AMS symbols A
)
LaTeX Font Info:    Try loading font information for U+msb on input line 449.

(c:/MimuTao/Tex/TexLive/texmf-dist/tex/latex/amsfonts/umsb.fd
File: umsb.fd 2013/01/14 v3.01 AMS symbols B
) [1{c:/MimuTao/Tex/TexLive/texmf-var/fonts/map/pdftex/updmap/pdftex.map}


] [2] [3]
Overfull \hbox (1.64293pt too wide) detected at line 815
[]
 []


Overfull \hbox (1.99701pt too wide) detected at line 820
\OT1/cmr/m/n/10 ^^H[] = [([] + [](\OML/cmm/m/it/10 k[] \OT1/cmr/m/n/10 + []))(\
OML/cmm/m/it/10 ^^N[]\OT1/cmr/m/n/10 )[] + [](\OML/cmm/m/it/10 ^^N[]\OT1/cmr/m/
n/10 )[]](2 + (\OML/cmm/m/it/10 k[] \OT1/cmr/m/n/10 + [])[])
 []

[4]
Package epstopdf Info: Source file: <picture/output.eps>
(epstopdf)                    date: 2017-09-08 17:05:52
(epstopdf)                    size: 425318 bytes
(epstopdf)             Output file: <picture/output-eps-converted-to.pdf>
(epstopdf)                    date: 2018-03-10 19:59:14
(epstopdf)                    size: 98709 bytes
(epstopdf)             Command: <repstopdf --outfile=picture/output-eps-convert
ed-to.pdf picture/output.eps>
(epstopdf)             \includegraphics on input line 890.
Package epstopdf Info: Output file is already uptodate.
 <picture/output-eps-converted-to.pdf, id=36, 540.0175pt x 298.11375pt>
File: picture/output-eps-converted-to.pdf Graphic file (type pdf)

<use picture/output-eps-converted-to.pdf>
Package pdftex.def Info: picture/output-eps-converted-to.pdf used on input line
 890.
(pdftex.def)             Requested size: 226.79846pt x 125.20236pt.
 [5 <./picture/output-eps-converted-to.pdf>] [6] (./bare_jrnl.aux) ) 
Here is how much of TeX's memory you used:
 4271 strings out of 492995
 59449 string characters out of 6133147
 151238 words of memory out of 5000000
 7746 multiletter control sequences out of 15000+600000
 48701 words of font info for 107 fonts, out of 8000000 for 9000
 1144 hyphenation exceptions out of 8191
 39i,10n,26p,1956b,338s stack positions out of 5000i,500n,10000p,200000b,80000s
{c:/MimuTao
/Tex/TexLive/texmf-dist/fonts/enc/dvips/base/8r.enc}<c:/MimuTao/Tex/TexLive/tex
mf-dist/fonts/type1/public/amsfonts/cm/cmex10.pfb><c:/MimuTao/Tex/TexLive/texmf
-dist/fonts/type1/public/amsfonts/cmextra/cmex7.pfb><c:/MimuTao/Tex/TexLive/tex
mf-dist/fonts/type1/public/amsfonts/cm/cmmi10.pfb><c:/MimuTao/Tex/TexLive/texmf
-dist/fonts/type1/public/amsfonts/cm/cmmi5.pfb><c:/MimuTao/Tex/TexLive/texmf-di
st/fonts/type1/public/amsfonts/cm/cmmi6.pfb><c:/MimuTao/Tex/TexLive/texmf-dist/
fonts/type1/public/amsfonts/cm/cmmi7.pfb><c:/MimuTao/Tex/TexLive/texmf-dist/fon
ts/type1/public/amsfonts/cm/cmmi8.pfb><c:/MimuTao/Tex/TexLive/texmf-dist/fonts/
type1/public/amsfonts/cm/cmmi9.pfb><c:/MimuTao/Tex/TexLive/texmf-dist/fonts/typ
e1/public/amsfonts/cm/cmr10.pfb><c:/MimuTao/Tex/TexLive/texmf-dist/fonts/type1/
public/amsfonts/cm/cmr5.pfb><c:/MimuTao/Tex/TexLive/texmf-dist/fonts/type1/publ
ic/amsfonts/cm/cmr6.pfb><c:/MimuTao/Tex/TexLive/texmf-dist/fonts/type1/public/a
msfonts/cm/cmr7.pfb><c:/MimuTao/Tex/TexLive/texmf-dist/fonts/type1/public/amsfo
nts/cm/cmr8.pfb><c:/MimuTao/Tex/TexLive/texmf-dist/fonts/type1/public/amsfonts/
cm/cmr9.pfb><c:/MimuTao/Tex/TexLive/texmf-dist/fonts/type1/public/amsfonts/cm/c
msy10.pfb><c:/MimuTao/Tex/TexLive/texmf-dist/fonts/type1/public/amsfonts/cm/cms
y5.pfb><c:/MimuTao/Tex/TexLive/texmf-dist/fonts/type1/public/amsfonts/cm/cmsy6.
pfb><c:/MimuTao/Tex/TexLive/texmf-dist/fonts/type1/public/amsfonts/cm/cmsy7.pfb
><c:/MimuTao/Tex/TexLive/texmf-dist/fonts/type1/public/amsfonts/cm/cmsy8.pfb><c
:/MimuTao/Tex/TexLive/texmf-dist/fonts/type1/public/amsfonts/symbols/msam10.pfb
><c:/MimuTao/Tex/TexLive/texmf-dist/fonts/type1/urw/times/utmb8a.pfb><c:/MimuTa
o/Tex/TexLive/texmf-dist/fonts/type1/urw/times/utmbi8a.pfb><c:/MimuTao/Tex/TexL
ive/texmf-dist/fonts/type1/urw/times/utmr8a.pfb><c:/MimuTao/Tex/TexLive/texmf-d
ist/fonts/type1/urw/times/utmri8a.pfb>
Output written on bare_jrnl.pdf (6 pages, 357239 bytes).
PDF statistics:
 126 PDF objects out of 1000 (max. 8388607)
 91 compressed objects within 1 object stream
 0 named destinations out of 1000 (max. 500000)
 6 words of extra memory for PDF output out of 10000 (max. 10000000)

